<?xml version="1.0" encoding="UTF-8"?>
<testsuite name="ObjectUtilTest" tests="1" skipped="0" failures="0" errors="0" timestamp="2020-06-01T10:45:13" hostname="Putra" time="0.005">
  <properties/>
  <testcase name="isExist_shouldReturn_true" classname="ObjectUtilTest" time="0.005"/>
  <system-out><![CDATA[]]></system-out>
  <system-err><![CDATA[]]></system-err>
</testsuite>
